Wed 26-Jan-2022 09:45:23 INFO  - [           main] SpringBootTestContextBootstrapper : Neither @ContextConfiguration nor @ContextHierarchy found for test class [com.reloadly.devops.TransactionManagementAppApplicationTests], using SpringBootContextLoader
Wed 26-Jan-2022 09:45:23 INFO  - [           main] AbstractContextLoader     : Could not detect default resource locations for test class [com.reloadly.devops.TransactionManagementAppApplicationTests]: no resource found for suffixes {-context.xml, Context.groovy}.
Wed 26-Jan-2022 09:45:23 INFO  - [           main] AnnotationConfigContextLoaderUtils : Could not detect default configuration classes for test class [com.reloadly.devops.TransactionManagementAppApplicationTests]: TransactionManagementAppApplicationTests does not declare any static, non-private, non-final, nested classes annotated with @Configuration.
Wed 26-Jan-2022 09:45:24 INFO  - [           main] SpringBootTestContextBootstrapper : Found @SpringBootConfiguration com.reloadly.devops.TransactionManagementAppApplication for test class com.reloadly.devops.TransactionManagementAppApplicationTests
Wed 26-Jan-2022 09:45:25 INFO  - [           main] SpringBootTestContextBootstrapper : Loaded default TestExecutionListener class names from location [META-INF/spring.factories]: [org.springframework.boot.test.mock.mockito.MockitoTestExecutionListener, org.springframework.boot.test.mock.mockito.ResetMocksTestExecutionListener, org.springframework.boot.test.autoconfigure.restdocs.RestDocsTestExecutionListener, org.springframework.boot.test.autoconfigure.web.client.MockRestServiceServerResetTestExecutionListener, org.springframework.boot.test.autoconfigure.web.servlet.MockMvcPrintOnlyOnFailureTestExecutionListener, org.springframework.boot.test.autoconfigure.web.servlet.WebDriverTestExecutionListener, org.springframework.boot.test.autoconfigure.webservices.client.MockWebServiceServerTestExecutionListener, org.springframework.test.context.web.ServletTestExecutionListener, org.springframework.test.context.support.DirtiesContextBeforeModesTestExecutionListener, org.springframework.test.context.support.DependencyInjectionTestExecutionListener, org.springframework.test.context.support.DirtiesContextTestExecutionListener, org.springframework.test.context.transaction.TransactionalTestExecutionListener, org.springframework.test.context.jdbc.SqlScriptsTestExecutionListener, org.springframework.test.context.event.EventPublishingTestExecutionListener]
Wed 26-Jan-2022 09:45:26 INFO  - [           main] SpringBootTestContextBootstrapper : Using TestExecutionListeners: [org.springframework.test.context.web.ServletTestExecutionListener@241e8ea6, org.springframework.test.context.support.DirtiesContextBeforeModesTestExecutionListener@542e560f, org.springframework.boot.test.mock.mockito.MockitoTestExecutionListener@626c44e7, org.springframework.boot.test.autoconfigure.SpringBootDependencyInjectionTestExecutionListener@4dc8caa7, org.springframework.test.context.support.DirtiesContextTestExecutionListener@1d730606, org.springframework.test.context.transaction.TransactionalTestExecutionListener@3bcbb589, org.springframework.test.context.jdbc.SqlScriptsTestExecutionListener@3b00856b, org.springframework.test.context.event.EventPublishingTestExecutionListener@3016fd5e, org.springframework.boot.test.mock.mockito.ResetMocksTestExecutionListener@35d08e6c, org.springframework.boot.test.autoconfigure.restdocs.RestDocsTestExecutionListener@53d102a2, org.springframework.boot.test.autoconfigure.web.client.MockRestServiceServerResetTestExecutionListener@6c45ee6e, org.springframework.boot.test.autoconfigure.web.servlet.MockMvcPrintOnlyOnFailureTestExecutionListener@6b3e12b5, org.springframework.boot.test.autoconfigure.web.servlet.WebDriverTestExecutionListener@5aac4250, org.springframework.boot.test.autoconfigure.webservices.client.MockWebServiceServerTestExecutionListener@1338fb5]
Wed 26-Jan-2022 09:45:29 INFO  - [init] Version                   : HV000001: Hibernate Validator 6.1.6.Final
Wed 26-Jan-2022 09:45:29 INFO  - [           main] TransactionManagementAppApplicationTests : Starting TransactionManagementAppApplicationTests using Java 1.8.0_221 on DESKTOP-2N2OQGT with PID 10956 (started by Uche Kamani in C:\Users\Uche Kamani\Documents\STS4Projects\transaction-management-app)
Wed 26-Jan-2022 09:45:29 INFO  - [           main] TransactionManagementAppApplicationTests : The following profiles are active: dev
Wed 26-Jan-2022 09:45:37 INFO  - [           main] RepositoryConfigurationDelegate : Bootstrapping Spring Data JPA repositories in DEFAULT mode.
Wed 26-Jan-2022 09:45:38 INFO  - [           main] RepositoryConfigurationDelegate : Finished Spring Data repository scanning in 466 ms. Found 1 JPA repository interfaces.
Wed 26-Jan-2022 09:45:40 INFO  - [           main] PostProcessorRegistrationDelegate$BeanPostProcessorChecker : Bean 'appProperties' of type [com.reloadly.devops.utilities.AppProperties$$EnhancerBySpringCGLIB$$6e374abe] is not eligible for getting processed by all BeanPostProcessors (for example: not eligible for auto-proxying)
Wed 26-Jan-2022 09:45:40 INFO  - [           main] PostProcessorRegistrationDelegate$BeanPostProcessorChecker : Bean 'asyncConfig' of type [com.reloadly.devops.config.AsyncConfig$$EnhancerBySpringCGLIB$$604165cc] is not eligible for getting processed by all BeanPostProcessors (for example: not eligible for auto-proxying)
Wed 26-Jan-2022 09:45:42 INFO  - [           main] PostProcessorRegistrationDelegate$BeanPostProcessorChecker : Bean 'org.springframework.security.access.expression.method.DefaultMethodSecurityExpressionHandler@7d78f3d5' of type [org.springframework.security.access.expression.method.DefaultMethodSecurityExpressionHandler] is not eligible for getting processed by all BeanPostProcessors (for example: not eligible for auto-proxying)
Wed 26-Jan-2022 09:45:42 INFO  - [           main] PostProcessorRegistrationDelegate$BeanPostProcessorChecker : Bean 'methodSecurityMetadataSource' of type [org.springframework.security.access.method.DelegatingMethodSecurityMetadataSource] is not eligible for getting processed by all BeanPostProcessors (for example: not eligible for auto-proxying)
Wed 26-Jan-2022 09:45:44 INFO  - [           main] EncryptUtil               : ---->>> Commencing data decryption
Wed 26-Jan-2022 09:45:44 INFO  - [           main] EncryptUtil               : ---->>> Commencing data decryption
Wed 26-Jan-2022 09:45:49 INFO  - [           main] LogHelper                 : HHH000204: Processing PersistenceUnitInfo [name: default]
Wed 26-Jan-2022 09:45:55 INFO  - [           main] Version                   : HHH000412: Hibernate ORM core version 5.4.25.Final
Wed 26-Jan-2022 09:45:58 INFO  - [           main] Version                   : HCANN000001: Hibernate Commons Annotations {5.1.2.Final}
Wed 26-Jan-2022 09:46:03 INFO  - [           main] HikariDataSource          : HikariPool-1 - Starting...
Wed 26-Jan-2022 09:46:03 WARN  - [           main] DriverDataSource          : Registered driver with driverClassName=com.mysql.jdbc.Driver was not found, trying direct instantiation.
Wed 26-Jan-2022 09:46:05 INFO  - [           main] HikariDataSource          : HikariPool-1 - Start completed.
Wed 26-Jan-2022 09:46:05 INFO  - [           main] Dialect                   : HHH000400: Using dialect: org.hibernate.dialect.MySQL5Dialect
Wed 26-Jan-2022 09:46:19 INFO  - [           main] JtaPlatformInitiator      : HHH000490: Using JtaPlatform implementation: [org.hibernate.engine.transaction.jta.platform.internal.NoJtaPlatform]
Wed 26-Jan-2022 09:46:19 INFO  - [           main] LocalContainerEntityManagerFactoryBean : Initialized JPA EntityManagerFactory for persistence unit 'default'
Wed 26-Jan-2022 09:46:19 INFO  - [           main] RestTemplateConfig        : ---->>> Setting up certificate link and  communication
Wed 26-Jan-2022 09:46:30 WARN  - [           main] JpaBaseConfiguration$JpaWebConfiguration : spring.jpa.open-in-view is enabled by default. Therefore, database queries may be performed during view rendering. Explicitly configure spring.jpa.open-in-view to disable this warning
Wed 26-Jan-2022 09:46:32 INFO  - [           main] UserDetailsServiceAutoConfiguration : 

Using generated security password: eaec67bf-d066-44b8-b741-1770027c76ab

Wed 26-Jan-2022 09:46:35 INFO  - [           main] DefaultSecurityFilterChain : Will secure any request with [org.springframework.security.web.context.request.async.WebAsyncManagerIntegrationFilter@5c1dd18, org.springframework.security.web.context.SecurityContextPersistenceFilter@340fc1aa, org.springframework.security.web.header.HeaderWriterFilter@43f99817, org.springframework.security.web.authentication.logout.LogoutFilter@3bf01a01, org.springframework.security.oauth2.provider.authentication.OAuth2AuthenticationProcessingFilter@19924f15, org.springframework.security.web.savedrequest.RequestCacheAwareFilter@98722ef, org.springframework.security.web.servletapi.SecurityContextHolderAwareRequestFilter@2adc1e84, org.springframework.security.web.authentication.AnonymousAuthenticationFilter@2a6dbb7c, org.springframework.security.web.session.SessionManagementFilter@4ae958b0, org.springframework.security.web.access.ExceptionTranslationFilter@3e2c8ef, org.springframework.security.web.access.intercept.FilterSecurityInterceptor@3d98729a]
Wed 26-Jan-2022 09:46:40 INFO  - [           main] ThreadPoolTaskExecutor    : Initializing ExecutorService 'applicationTaskExecutor'
Wed 26-Jan-2022 09:46:56 INFO  - [           main] TransactionManagementAppApplicationTests : Started TransactionManagementAppApplicationTests in 89.565 seconds (JVM running for 99.919)
Wed 26-Jan-2022 09:46:58 INFO  - [Hook] ThreadPoolTaskExecutor    : Shutting down ExecutorService 'applicationTaskExecutor'
Wed 26-Jan-2022 09:46:58 INFO  - [Hook] LocalContainerEntityManagerFactoryBean : Closing JPA EntityManagerFactory for persistence unit 'default'
Wed 26-Jan-2022 09:46:58 INFO  - [Hook] HikariDataSource          : HikariPool-1 - Shutdown initiated...
Wed 26-Jan-2022 09:46:59 INFO  - [Hook] HikariDataSource          : HikariPool-1 - Shutdown completed.
Wed 26-Jan-2022 11:10:42 INFO  - [init] Version                   : HV000001: Hibernate Validator 6.1.6.Final
Wed 26-Jan-2022 11:10:42 INFO  - [Main] TransactionManagementAppApplication : Starting TransactionManagementAppApplication using Java 1.8.0_131 on DESKTOP-2N2OQGT with PID 7232 (C:\Users\Uche Kamani\Documents\STS4Projects\transaction-management-app\target\classes started by Uche Kamani in C:\Users\Uche Kamani\Documents\STS4Projects\transaction-management-app)
Wed 26-Jan-2022 11:10:42 INFO  - [Main] TransactionManagementAppApplication : The following profiles are active: dev
Wed 26-Jan-2022 11:10:42 INFO  - [Main] DevToolsPropertyDefaultsPostProcessor : Devtools property defaults active! Set 'spring.devtools.add-properties' to 'false' to disable
Wed 26-Jan-2022 11:10:42 INFO  - [Main] DevToolsPropertyDefaultsPostProcessor : For additional web related logging consider setting the 'logging.level.web' property to 'DEBUG'
Wed 26-Jan-2022 11:10:50 INFO  - [Main] RepositoryConfigurationDelegate : Bootstrapping Spring Data JPA repositories in DEFAULT mode.
Wed 26-Jan-2022 11:10:50 INFO  - [Main] RepositoryConfigurationDelegate : Finished Spring Data repository scanning in 294 ms. Found 1 JPA repository interfaces.
Wed 26-Jan-2022 11:10:51 INFO  - [Main] PostProcessorRegistrationDelegate$BeanPostProcessorChecker : Bean 'appProperties' of type [com.reloadly.devops.utilities.AppProperties$$EnhancerBySpringCGLIB$$d407d684] is not eligible for getting processed by all BeanPostProcessors (for example: not eligible for auto-proxying)
Wed 26-Jan-2022 11:10:51 INFO  - [Main] PostProcessorRegistrationDelegate$BeanPostProcessorChecker : Bean 'asyncConfig' of type [com.reloadly.devops.config.AsyncConfig$$EnhancerBySpringCGLIB$$c611f192] is not eligible for getting processed by all BeanPostProcessors (for example: not eligible for auto-proxying)
Wed 26-Jan-2022 11:10:51 INFO  - [Main] PostProcessorRegistrationDelegate$BeanPostProcessorChecker : Bean 'org.springframework.security.access.expression.method.DefaultMethodSecurityExpressionHandler@5a19b144' of type [org.springframework.security.access.expression.method.DefaultMethodSecurityExpressionHandler] is not eligible for getting processed by all BeanPostProcessors (for example: not eligible for auto-proxying)
Wed 26-Jan-2022 11:10:51 INFO  - [Main] PostProcessorRegistrationDelegate$BeanPostProcessorChecker : Bean 'methodSecurityMetadataSource' of type [org.springframework.security.access.method.DelegatingMethodSecurityMetadataSource] is not eligible for getting processed by all BeanPostProcessors (for example: not eligible for auto-proxying)
Wed 26-Jan-2022 11:10:53 INFO  - [Main] TomcatWebServer           : Tomcat initialized with port(s): 6542 (http)
Wed 26-Jan-2022 11:10:53 INFO  - [Main] Http11NioProtocol         : Initializing ProtocolHandler ["http-nio-6542"]
Wed 26-Jan-2022 11:10:53 INFO  - [Main] StandardService           : Starting service [Tomcat]
Wed 26-Jan-2022 11:10:53 INFO  - [Main] StandardEngine            : Starting Servlet engine: [Apache Tomcat/9.0.41]
Wed 26-Jan-2022 11:10:53 INFO  - [Main] [/]                       : Initializing Spring embedded WebApplicationContext
Wed 26-Jan-2022 11:10:53 INFO  - [Main] ServletWebServerApplicationContext : Root WebApplicationContext: initialization completed in 10719 ms
Wed 26-Jan-2022 11:10:53 INFO  - [Main] EncryptUtil               : ---->>> Commencing data decryption
Wed 26-Jan-2022 11:10:54 INFO  - [Main] EncryptUtil               : ---->>> Commencing data decryption
Wed 26-Jan-2022 11:10:54 INFO  - [Main] LogHelper                 : HHH000204: Processing PersistenceUnitInfo [name: default]
Wed 26-Jan-2022 11:10:54 INFO  - [Main] Version                   : HHH000412: Hibernate ORM core version 5.4.25.Final
Wed 26-Jan-2022 11:10:54 INFO  - [Main] Version                   : HCANN000001: Hibernate Commons Annotations {5.1.2.Final}
Wed 26-Jan-2022 11:10:55 INFO  - [Main] HikariDataSource          : HikariPool-1 - Starting...
Wed 26-Jan-2022 11:10:55 WARN  - [Main] DriverDataSource          : Registered driver with driverClassName=com.mysql.jdbc.Driver was not found, trying direct instantiation.
Wed 26-Jan-2022 11:10:55 INFO  - [Main] HikariDataSource          : HikariPool-1 - Start completed.
Wed 26-Jan-2022 11:10:55 INFO  - [Main] Dialect                   : HHH000400: Using dialect: org.hibernate.dialect.MySQL5Dialect
Wed 26-Jan-2022 11:11:00 INFO  - [Main] JtaPlatformInitiator      : HHH000490: Using JtaPlatform implementation: [org.hibernate.engine.transaction.jta.platform.internal.NoJtaPlatform]
Wed 26-Jan-2022 11:11:00 INFO  - [Main] LocalContainerEntityManagerFactoryBean : Initialized JPA EntityManagerFactory for persistence unit 'default'
Wed 26-Jan-2022 11:11:01 WARN  - [Main] OptionalLiveReloadServer  : Unable to start LiveReload server
Wed 26-Jan-2022 11:11:01 INFO  - [Main] RestTemplateConfig        : ---->>> Setting up certificate link and  communication
Wed 26-Jan-2022 11:11:02 WARN  - [Main] JpaBaseConfiguration$JpaWebConfiguration : spring.jpa.open-in-view is enabled by default. Therefore, database queries may be performed during view rendering. Explicitly configure spring.jpa.open-in-view to disable this warning
Wed 26-Jan-2022 11:11:03 INFO  - [Main] UserDetailsServiceAutoConfiguration : 

Using generated security password: 560a062d-07c2-4a61-830d-d4c88727a68b

Wed 26-Jan-2022 11:11:03 INFO  - [Main] DefaultSecurityFilterChain : Will secure any request with [org.springframework.security.web.context.request.async.WebAsyncManagerIntegrationFilter@36abd0de, org.springframework.security.web.context.SecurityContextPersistenceFilter@2d30571c, org.springframework.security.web.header.HeaderWriterFilter@1b95ba3d, org.springframework.security.web.authentication.logout.LogoutFilter@5e09684a, org.springframework.security.oauth2.provider.authentication.OAuth2AuthenticationProcessingFilter@25549dd0, org.springframework.security.web.savedrequest.RequestCacheAwareFilter@629c40eb, org.springframework.security.web.servletapi.SecurityContextHolderAwareRequestFilter@5686a0e2, org.springframework.security.web.authentication.AnonymousAuthenticationFilter@7c0cc173, org.springframework.security.web.session.SessionManagementFilter@5b89e895, org.springframework.security.web.access.ExceptionTranslationFilter@60241dc2, org.springframework.security.web.access.intercept.FilterSecurityInterceptor@40ff47cf]
Wed 26-Jan-2022 11:11:03 INFO  - [Main] ThreadPoolTaskExecutor    : Initializing ExecutorService 'applicationTaskExecutor'
Wed 26-Jan-2022 11:11:07 INFO  - [Main] Http11NioProtocol         : Starting ProtocolHandler ["http-nio-6542"]
Wed 26-Jan-2022 11:11:07 INFO  - [Main] TomcatWebServer           : Tomcat started on port(s): 6542 (http) with context path ''
Wed 26-Jan-2022 11:11:07 INFO  - [Main] TransactionManagementAppApplication : Started TransactionManagementAppApplication in 25.926 seconds (JVM running for 29.722)
Wed 26-Jan-2022 11:12:36 INFO  - [ec-3] [/]                       : Initializing Spring DispatcherServlet 'dispatcherServlet'
Wed 26-Jan-2022 11:12:36 INFO  - [ec-3] DispatcherServlet         : Initializing Servlet 'dispatcherServlet'
Wed 26-Jan-2022 11:12:36 INFO  - [ec-3] DispatcherServlet         : Completed initialization in 2 ms
Wed 26-Jan-2022 11:12:37 INFO  - [ec-3] AppFilter                 : ---->>> HTTP METHOD: GET
Wed 26-Jan-2022 11:12:37 INFO  - [ec-3] AppFilter                 : ---->>> REQUEST URI: /swagger-ui.html
Wed 26-Jan-2022 11:12:37 INFO  - [ec-3] AppFilter                 : ---->>> SOURCE IP: 0:0:0:0:0:0:0:1
Wed 26-Jan-2022 11:12:39 INFO  - [ec-5] AppFilter                 : ---->>> HTTP METHOD: GET
Wed 26-Jan-2022 11:12:39 INFO  - [ec-5] AppFilter                 : ---->>> REQUEST URI: /swagger-ui/index.html
Wed 26-Jan-2022 11:12:39 INFO  - [ec-5] AppFilter                 : ---->>> SOURCE IP: 0:0:0:0:0:0:0:1
Wed 26-Jan-2022 11:12:42 INFO  - [ec-6] AppFilter                 : ---->>> HTTP METHOD: GET
Wed 26-Jan-2022 11:12:42 INFO  - [ec-6] AppFilter                 : ---->>> REQUEST URI: /swagger-ui/swagger-ui.css
Wed 26-Jan-2022 11:12:42 INFO  - [ec-6] AppFilter                 : ---->>> SOURCE IP: 0:0:0:0:0:0:0:1
Wed 26-Jan-2022 11:12:42 INFO  - [ec-7] AppFilter                 : ---->>> HTTP METHOD: GET
Wed 26-Jan-2022 11:12:42 INFO  - [ec-7] AppFilter                 : ---->>> REQUEST URI: /swagger-ui/swagger-ui-bundle.js
Wed 26-Jan-2022 11:12:42 INFO  - [ec-7] AppFilter                 : ---->>> SOURCE IP: 0:0:0:0:0:0:0:1
Wed 26-Jan-2022 11:12:42 INFO  - [ec-8] AppFilter                 : ---->>> HTTP METHOD: GET
Wed 26-Jan-2022 11:12:42 INFO  - [ec-8] AppFilter                 : ---->>> REQUEST URI: /swagger-ui/swagger-ui-standalone-preset.js
Wed 26-Jan-2022 11:12:42 INFO  - [ec-8] AppFilter                 : ---->>> SOURCE IP: 0:0:0:0:0:0:0:1
Wed 26-Jan-2022 11:12:44 INFO  - [ec-9] AppFilter                 : ---->>> HTTP METHOD: GET
Wed 26-Jan-2022 11:12:44 INFO  - [ec-9] AppFilter                 : ---->>> REQUEST URI: /swagger-ui/swagger-ui-standalone-preset.js
Wed 26-Jan-2022 11:12:44 INFO  - [ec-9] AppFilter                 : ---->>> SOURCE IP: 0:0:0:0:0:0:0:1
Wed 26-Jan-2022 11:12:44 INFO  - [c-10] AppFilter                 : ---->>> HTTP METHOD: GET
Wed 26-Jan-2022 11:12:44 INFO  - [c-10] AppFilter                 : ---->>> REQUEST URI: /swagger-ui/swagger-ui-bundle.js
Wed 26-Jan-2022 11:12:44 INFO  - [c-10] AppFilter                 : ---->>> SOURCE IP: 0:0:0:0:0:0:0:1
Wed 26-Jan-2022 11:12:51 INFO  - [ec-4] AppFilter                 : ---->>> HTTP METHOD: GET
Wed 26-Jan-2022 11:12:51 INFO  - [ec-4] AppFilter                 : ---->>> REQUEST URI: /v3/api-docs/swagger-config
Wed 26-Jan-2022 11:12:51 INFO  - [ec-4] AppFilter                 : ---->>> SOURCE IP: 0:0:0:0:0:0:0:1
Wed 26-Jan-2022 11:12:51 INFO  - [ec-3] AppFilter                 : ---->>> HTTP METHOD: GET
Wed 26-Jan-2022 11:12:51 INFO  - [ec-3] AppFilter                 : ---->>> REQUEST URI: /swagger-ui/favicon-32x32.png
Wed 26-Jan-2022 11:12:51 INFO  - [ec-3] AppFilter                 : ---->>> SOURCE IP: 0:0:0:0:0:0:0:1
Wed 26-Jan-2022 11:12:52 INFO  - [ec-5] AppFilter                 : ---->>> HTTP METHOD: GET
Wed 26-Jan-2022 11:12:52 INFO  - [ec-5] AppFilter                 : ---->>> REQUEST URI: /v3/api-docs
Wed 26-Jan-2022 11:12:52 INFO  - [ec-5] AppFilter                 : ---->>> SOURCE IP: 0:0:0:0:0:0:0:1
Wed 26-Jan-2022 11:12:55 INFO  - [ec-5] AbstractOpenApiResource   : Init duration for springdoc-openapi is: 3125 ms
Wed 26-Jan-2022 11:34:38 INFO  - [ad-2] ThreadPoolTaskExecutor    : Shutting down ExecutorService 'applicationTaskExecutor'
Wed 26-Jan-2022 11:34:38 INFO  - [ad-2] LocalContainerEntityManagerFactoryBean : Closing JPA EntityManagerFactory for persistence unit 'default'
Wed 26-Jan-2022 11:34:39 INFO  - [ad-2] HikariDataSource          : HikariPool-1 - Shutdown initiated...
Wed 26-Jan-2022 11:34:39 INFO  - [ad-2] HikariDataSource          : HikariPool-1 - Shutdown completed.
Wed 26-Jan-2022 11:34:44 INFO  - [Main] TransactionManagementAppApplication : Starting TransactionManagementAppApplication using Java 1.8.0_131 on DESKTOP-2N2OQGT with PID 7232 (C:\Users\Uche Kamani\Documents\STS4Projects\transaction-management-app\target\classes started by Uche Kamani in C:\Users\Uche Kamani\Documents\STS4Projects\transaction-management-app)
Wed 26-Jan-2022 11:34:44 INFO  - [Main] TransactionManagementAppApplication : The following profiles are active: dev
Wed 26-Jan-2022 11:34:48 INFO  - [Main] RepositoryConfigurationDelegate : Bootstrapping Spring Data JPA repositories in DEFAULT mode.
Wed 26-Jan-2022 11:34:48 INFO  - [Main] RepositoryConfigurationDelegate : Finished Spring Data repository scanning in 3 ms. Found 0 JPA repository interfaces.
Wed 26-Jan-2022 11:34:49 INFO  - [Main] TomcatWebServer           : Tomcat initialized with port(s): 6542 (http)
Wed 26-Jan-2022 11:34:49 INFO  - [Main] Http11NioProtocol         : Initializing ProtocolHandler ["http-nio-6542"]
Wed 26-Jan-2022 11:34:49 INFO  - [Main] StandardService           : Starting service [Tomcat]
Wed 26-Jan-2022 11:34:49 INFO  - [Main] StandardEngine            : Starting Servlet engine: [Apache Tomcat/9.0.41]
Wed 26-Jan-2022 11:34:49 INFO  - [Main] [/]                       : Initializing Spring embedded WebApplicationContext
Wed 26-Jan-2022 11:34:49 INFO  - [Main] ServletWebServerApplicationContext : Root WebApplicationContext: initialization completed in 5069 ms
Wed 26-Jan-2022 11:34:49 WARN  - [Main] AnnotationConfigServletWebServerApplicationContext : Exception encountered during context initialization - cancelling refresh attempt: org.springframework.beans.factory.UnsatisfiedDependencyException: Error creating bean with name 'inMemoryDatabaseShutdownExecutor' defined in class path resource [org/springframework/boot/devtools/autoconfigure/DevToolsDataSourceAutoConfiguration.class]: Unsatisfied dependency expressed through method 'inMemoryDatabaseShutdownExecutor' parameter 0; nested exception is org.springframework.beans.factory.BeanCreationException: Error creating bean with name 'dataSource' defined in class path resource [org/springframework/boot/autoconfigure/jdbc/DataSourceConfiguration$Hikari.class]: Bean instantiation via factory method failed; nested exception is org.springframework.beans.BeanInstantiationException: Failed to instantiate [com.zaxxer.hikari.HikariDataSource]: Factory method 'dataSource' threw exception; nested exception is org.springframework.boot.autoconfigure.jdbc.DataSourceProperties$DataSourceBeanCreationException: Failed to determine a suitable driver class
Wed 26-Jan-2022 11:34:49 INFO  - [Main] StandardService           : Stopping service [Tomcat]
Wed 26-Jan-2022 11:34:50 INFO  - [Main] ConditionEvaluationReportLoggingListener : 

Error starting ApplicationContext. To display the conditions report re-run your application with 'debug' enabled.
Wed 26-Jan-2022 11:34:50 ERROR - [Main] LoggingFailureAnalysisReporter : 

***************************
APPLICATION FAILED TO START
***************************

Description:

Failed to configure a DataSource: 'url' attribute is not specified and no embedded datasource could be configured.

Reason: Failed to determine a suitable driver class


Action:

Consider the following:
	If you want an embedded database (H2, HSQL or Derby), please put it on the classpath.
	If you have database settings to be loaded from a particular profile you may need to activate it (the profiles dev are currently active).

Wed 26-Jan-2022 11:34:52 INFO  - [Main] TransactionManagementAppApplication : Starting TransactionManagementAppApplication using Java 1.8.0_131 on DESKTOP-2N2OQGT with PID 7232 (C:\Users\Uche Kamani\Documents\STS4Projects\transaction-management-app\target\classes started by Uche Kamani in C:\Users\Uche Kamani\Documents\STS4Projects\transaction-management-app)
Wed 26-Jan-2022 11:34:52 INFO  - [Main] TransactionManagementAppApplication : The following profiles are active: dev
Wed 26-Jan-2022 11:34:55 INFO  - [Main] RepositoryConfigurationDelegate : Bootstrapping Spring Data JPA repositories in DEFAULT mode.
Wed 26-Jan-2022 11:34:55 INFO  - [Main] RepositoryConfigurationDelegate : Finished Spring Data repository scanning in 2 ms. Found 0 JPA repository interfaces.
Wed 26-Jan-2022 11:34:55 INFO  - [Main] TomcatWebServer           : Tomcat initialized with port(s): 6542 (http)
Wed 26-Jan-2022 11:34:55 INFO  - [Main] Http11NioProtocol         : Initializing ProtocolHandler ["http-nio-6542"]
Wed 26-Jan-2022 11:34:55 INFO  - [Main] StandardService           : Starting service [Tomcat]
Wed 26-Jan-2022 11:34:55 INFO  - [Main] StandardEngine            : Starting Servlet engine: [Apache Tomcat/9.0.41]
Wed 26-Jan-2022 11:34:56 INFO  - [Main] [/]                       : Initializing Spring embedded WebApplicationContext
Wed 26-Jan-2022 11:34:56 INFO  - [Main] ServletWebServerApplicationContext : Root WebApplicationContext: initialization completed in 3674 ms
Wed 26-Jan-2022 11:34:56 WARN  - [Main] AnnotationConfigServletWebServerApplicationContext : Exception encountered during context initialization - cancelling refresh attempt: org.springframework.beans.factory.UnsatisfiedDependencyException: Error creating bean with name 'inMemoryDatabaseShutdownExecutor' defined in class path resource [org/springframework/boot/devtools/autoconfigure/DevToolsDataSourceAutoConfiguration.class]: Unsatisfied dependency expressed through method 'inMemoryDatabaseShutdownExecutor' parameter 0; nested exception is org.springframework.beans.factory.BeanCreationException: Error creating bean with name 'dataSource' defined in class path resource [org/springframework/boot/autoconfigure/jdbc/DataSourceConfiguration$Hikari.class]: Bean instantiation via factory method failed; nested exception is org.springframework.beans.BeanInstantiationException: Failed to instantiate [com.zaxxer.hikari.HikariDataSource]: Factory method 'dataSource' threw exception; nested exception is org.springframework.boot.autoconfigure.jdbc.DataSourceProperties$DataSourceBeanCreationException: Failed to determine a suitable driver class
Wed 26-Jan-2022 11:34:56 INFO  - [Main] StandardService           : Stopping service [Tomcat]
Wed 26-Jan-2022 11:34:56 INFO  - [Main] ConditionEvaluationReportLoggingListener : 

Error starting ApplicationContext. To display the conditions report re-run your application with 'debug' enabled.
Wed 26-Jan-2022 11:34:56 ERROR - [Main] LoggingFailureAnalysisReporter : 

***************************
APPLICATION FAILED TO START
***************************

Description:

Failed to configure a DataSource: 'url' attribute is not specified and no embedded datasource could be configured.

Reason: Failed to determine a suitable driver class


Action:

Consider the following:
	If you want an embedded database (H2, HSQL or Derby), please put it on the classpath.
	If you have database settings to be loaded from a particular profile you may need to activate it (the profiles dev are currently active).

Wed 26-Jan-2022 11:35:03 INFO  - [Main] TransactionManagementAppApplication : Starting TransactionManagementAppApplication using Java 1.8.0_131 on DESKTOP-2N2OQGT with PID 7232 (C:\Users\Uche Kamani\Documents\STS4Projects\transaction-management-app\target\classes started by Uche Kamani in C:\Users\Uche Kamani\Documents\STS4Projects\transaction-management-app)
Wed 26-Jan-2022 11:35:03 INFO  - [Main] TransactionManagementAppApplication : The following profiles are active: dev
Wed 26-Jan-2022 11:35:05 INFO  - [Main] RepositoryConfigurationDelegate : Bootstrapping Spring Data JPA repositories in DEFAULT mode.
Wed 26-Jan-2022 11:35:06 INFO  - [Main] RepositoryConfigurationDelegate : Finished Spring Data repository scanning in 582 ms. Found 0 JPA repository interfaces.
Wed 26-Jan-2022 11:35:08 INFO  - [Main] TomcatWebServer           : Tomcat initialized with port(s): 6542 (http)
Wed 26-Jan-2022 11:35:08 INFO  - [Main] Http11NioProtocol         : Initializing ProtocolHandler ["http-nio-6542"]
Wed 26-Jan-2022 11:35:08 INFO  - [Main] StandardService           : Starting service [Tomcat]
Wed 26-Jan-2022 11:35:08 INFO  - [Main] StandardEngine            : Starting Servlet engine: [Apache Tomcat/9.0.41]
Wed 26-Jan-2022 11:35:08 INFO  - [Main] [/]                       : Initializing Spring embedded WebApplicationContext
Wed 26-Jan-2022 11:35:08 INFO  - [Main] ServletWebServerApplicationContext : Root WebApplicationContext: initialization completed in 4734 ms
Wed 26-Jan-2022 11:35:08 WARN  - [Main] AnnotationConfigServletWebServerApplicationContext : Exception encountered during context initialization - cancelling refresh attempt: org.springframework.beans.factory.UnsatisfiedDependencyException: Error creating bean with name 'inMemoryDatabaseShutdownExecutor' defined in class path resource [org/springframework/boot/devtools/autoconfigure/DevToolsDataSourceAutoConfiguration.class]: Unsatisfied dependency expressed through method 'inMemoryDatabaseShutdownExecutor' parameter 0; nested exception is org.springframework.beans.factory.BeanCreationException: Error creating bean with name 'dataSource' defined in class path resource [org/springframework/boot/autoconfigure/jdbc/DataSourceConfiguration$Hikari.class]: Bean instantiation via factory method failed; nested exception is org.springframework.beans.BeanInstantiationException: Failed to instantiate [com.zaxxer.hikari.HikariDataSource]: Factory method 'dataSource' threw exception; nested exception is org.springframework.boot.autoconfigure.jdbc.DataSourceProperties$DataSourceBeanCreationException: Failed to determine a suitable driver class
Wed 26-Jan-2022 11:35:08 INFO  - [Main] StandardService           : Stopping service [Tomcat]
Wed 26-Jan-2022 11:35:08 INFO  - [Main] ConditionEvaluationReportLoggingListener : 

Error starting ApplicationContext. To display the conditions report re-run your application with 'debug' enabled.
Wed 26-Jan-2022 11:35:08 ERROR - [Main] LoggingFailureAnalysisReporter : 

***************************
APPLICATION FAILED TO START
***************************

Description:

Failed to configure a DataSource: 'url' attribute is not specified and no embedded datasource could be configured.

Reason: Failed to determine a suitable driver class


Action:

Consider the following:
	If you want an embedded database (H2, HSQL or Derby), please put it on the classpath.
	If you have database settings to be loaded from a particular profile you may need to activate it (the profiles dev are currently active).

Wed 26-Jan-2022 11:35:10 INFO  - [Main] TransactionManagementAppApplication : Starting TransactionManagementAppApplication using Java 1.8.0_131 on DESKTOP-2N2OQGT with PID 7232 (C:\Users\Uche Kamani\Documents\STS4Projects\transaction-management-app\target\classes started by Uche Kamani in C:\Users\Uche Kamani\Documents\STS4Projects\transaction-management-app)
Wed 26-Jan-2022 11:35:10 INFO  - [Main] TransactionManagementAppApplication : The following profiles are active: dev
Wed 26-Jan-2022 11:35:12 INFO  - [Main] RepositoryConfigurationDelegate : Bootstrapping Spring Data JPA repositories in DEFAULT mode.
Wed 26-Jan-2022 11:35:12 INFO  - [Main] RepositoryConfigurationDelegate : Finished Spring Data repository scanning in 151 ms. Found 1 JPA repository interfaces.
Wed 26-Jan-2022 11:35:13 INFO  - [Main] PostProcessorRegistrationDelegate$BeanPostProcessorChecker : Bean 'appProperties' of type [com.reloadly.devops.utilities.AppProperties$$EnhancerBySpringCGLIB$$d407d684] is not eligible for getting processed by all BeanPostProcessors (for example: not eligible for auto-proxying)
Wed 26-Jan-2022 11:35:13 INFO  - [Main] PostProcessorRegistrationDelegate$BeanPostProcessorChecker : Bean 'asyncConfig' of type [com.reloadly.devops.config.AsyncConfig$$EnhancerBySpringCGLIB$$c611f192] is not eligible for getting processed by all BeanPostProcessors (for example: not eligible for auto-proxying)
Wed 26-Jan-2022 11:35:13 INFO  - [Main] PostProcessorRegistrationDelegate$BeanPostProcessorChecker : Bean 'org.springframework.security.access.expression.method.DefaultMethodSecurityExpressionHandler@2ebe308c' of type [org.springframework.security.access.expression.method.DefaultMethodSecurityExpressionHandler] is not eligible for getting processed by all BeanPostProcessors (for example: not eligible for auto-proxying)
Wed 26-Jan-2022 11:35:13 INFO  - [Main] PostProcessorRegistrationDelegate$BeanPostProcessorChecker : Bean 'methodSecurityMetadataSource' of type [org.springframework.security.access.method.DelegatingMethodSecurityMetadataSource] is not eligible for getting processed by all BeanPostProcessors (for example: not eligible for auto-proxying)
Wed 26-Jan-2022 11:35:13 INFO  - [Main] TomcatWebServer           : Tomcat initialized with port(s): 6542 (http)
Wed 26-Jan-2022 11:35:13 INFO  - [Main] Http11NioProtocol         : Initializing ProtocolHandler ["http-nio-6542"]
Wed 26-Jan-2022 11:35:13 INFO  - [Main] StandardService           : Starting service [Tomcat]
Wed 26-Jan-2022 11:35:13 INFO  - [Main] StandardEngine            : Starting Servlet engine: [Apache Tomcat/9.0.41]
Wed 26-Jan-2022 11:35:13 INFO  - [Main] [/]                       : Initializing Spring embedded WebApplicationContext
Wed 26-Jan-2022 11:35:13 INFO  - [Main] ServletWebServerApplicationContext : Root WebApplicationContext: initialization completed in 3477 ms
Wed 26-Jan-2022 11:35:14 INFO  - [Main] EncryptUtil               : ---->>> Commencing data decryption
Wed 26-Jan-2022 11:35:14 INFO  - [Main] EncryptUtil               : ---->>> Commencing data decryption
Wed 26-Jan-2022 11:35:14 INFO  - [Main] LogHelper                 : HHH000204: Processing PersistenceUnitInfo [name: default]
Wed 26-Jan-2022 11:35:14 INFO  - [Main] HikariDataSource          : HikariPool-2 - Starting...
Wed 26-Jan-2022 11:35:14 WARN  - [Main] DriverDataSource          : Registered driver with driverClassName=com.mysql.jdbc.Driver was not found, trying direct instantiation.
Wed 26-Jan-2022 11:35:14 INFO  - [Main] HikariDataSource          : HikariPool-2 - Start completed.
Wed 26-Jan-2022 11:35:14 INFO  - [Main] Dialect                   : HHH000400: Using dialect: org.hibernate.dialect.MySQL5Dialect
Wed 26-Jan-2022 11:35:16 INFO  - [Main] JtaPlatformInitiator      : HHH000490: Using JtaPlatform implementation: [org.hibernate.engine.transaction.jta.platform.internal.NoJtaPlatform]
Wed 26-Jan-2022 11:35:16 INFO  - [Main] LocalContainerEntityManagerFactoryBean : Initialized JPA EntityManagerFactory for persistence unit 'default'
Wed 26-Jan-2022 11:35:16 WARN  - [Main] OptionalLiveReloadServer  : Unable to start LiveReload server
Wed 26-Jan-2022 11:35:16 INFO  - [Main] RestTemplateConfig        : ---->>> Setting up certificate link and  communication
Wed 26-Jan-2022 11:35:18 WARN  - [Main] JpaBaseConfiguration$JpaWebConfiguration : spring.jpa.open-in-view is enabled by default. Therefore, database queries may be performed during view rendering. Explicitly configure spring.jpa.open-in-view to disable this warning
Wed 26-Jan-2022 11:35:18 INFO  - [Main] UserDetailsServiceAutoConfiguration : 

Using generated security password: 7f6083ba-745e-47c9-982d-b81b50145b0a

Wed 26-Jan-2022 11:35:18 INFO  - [Main] DefaultSecurityFilterChain : Will secure any request with [org.springframework.security.web.context.request.async.WebAsyncManagerIntegrationFilter@de44dda, org.springframework.security.web.context.SecurityContextPersistenceFilter@41c04c7d, org.springframework.security.web.header.HeaderWriterFilter@4e3c2ce4, org.springframework.security.web.authentication.logout.LogoutFilter@6d04b8db, org.springframework.security.oauth2.provider.authentication.OAuth2AuthenticationProcessingFilter@534ab258, org.springframework.security.web.savedrequest.RequestCacheAwareFilter@4597b122, org.springframework.security.web.servletapi.SecurityContextHolderAwareRequestFilter@6ae3ee78, org.springframework.security.web.authentication.AnonymousAuthenticationFilter@4007b16d, org.springframework.security.web.session.SessionManagementFilter@64941ae0, org.springframework.security.web.access.ExceptionTranslationFilter@2925aec1, org.springframework.security.web.access.intercept.FilterSecurityInterceptor@7e780201]
Wed 26-Jan-2022 11:35:19 INFO  - [Main] ThreadPoolTaskExecutor    : Initializing ExecutorService 'applicationTaskExecutor'
Wed 26-Jan-2022 11:35:22 INFO  - [Main] Http11NioProtocol         : Starting ProtocolHandler ["http-nio-6542"]
Wed 26-Jan-2022 11:35:22 INFO  - [Main] TomcatWebServer           : Tomcat started on port(s): 6542 (http) with context path ''
Wed 26-Jan-2022 11:35:22 INFO  - [Main] TransactionManagementAppApplication : Started TransactionManagementAppApplication in 12.64 seconds (JVM running for 1484.592)
Wed 26-Jan-2022 11:35:22 INFO  - [Main] ConditionEvaluationDeltaLoggingListener : Condition evaluation unchanged
Wed 26-Jan-2022 11:35:30 INFO  - [           main] SpringBootTestContextBootstrapper : Neither @ContextConfiguration nor @ContextHierarchy found for test class [com.reloadly.devops.TransactionManagementAppApplicationTests], using SpringBootContextLoader
Wed 26-Jan-2022 11:35:30 INFO  - [           main] AbstractContextLoader     : Could not detect default resource locations for test class [com.reloadly.devops.TransactionManagementAppApplicationTests]: no resource found for suffixes {-context.xml, Context.groovy}.
Wed 26-Jan-2022 11:35:30 INFO  - [           main] AnnotationConfigContextLoaderUtils : Could not detect default configuration classes for test class [com.reloadly.devops.TransactionManagementAppApplicationTests]: TransactionManagementAppApplicationTests does not declare any static, non-private, non-final, nested classes annotated with @Configuration.
Wed 26-Jan-2022 11:35:31 INFO  - [           main] SpringBootTestContextBootstrapper : Found @SpringBootConfiguration com.reloadly.devops.TransactionManagementAppApplication for test class com.reloadly.devops.TransactionManagementAppApplicationTests
Wed 26-Jan-2022 11:35:32 INFO  - [           main] SpringBootTestContextBootstrapper : Loaded default TestExecutionListener class names from location [META-INF/spring.factories]: [org.springframework.boot.test.mock.mockito.MockitoTestExecutionListener, org.springframework.boot.test.mock.mockito.ResetMocksTestExecutionListener, org.springframework.boot.test.autoconfigure.restdocs.RestDocsTestExecutionListener, org.springframework.boot.test.autoconfigure.web.client.MockRestServiceServerResetTestExecutionListener, org.springframework.boot.test.autoconfigure.web.servlet.MockMvcPrintOnlyOnFailureTestExecutionListener, org.springframework.boot.test.autoconfigure.web.servlet.WebDriverTestExecutionListener, org.springframework.boot.test.autoconfigure.webservices.client.MockWebServiceServerTestExecutionListener, org.springframework.test.context.web.ServletTestExecutionListener, org.springframework.test.context.support.DirtiesContextBeforeModesTestExecutionListener, org.springframework.test.context.support.DependencyInjectionTestExecutionListener, org.springframework.test.context.support.DirtiesContextTestExecutionListener, org.springframework.test.context.transaction.TransactionalTestExecutionListener, org.springframework.test.context.jdbc.SqlScriptsTestExecutionListener, org.springframework.test.context.event.EventPublishingTestExecutionListener]
Wed 26-Jan-2022 11:35:32 INFO  - [           main] SpringBootTestContextBootstrapper : Using TestExecutionListeners: [org.springframework.test.context.web.ServletTestExecutionListener@340b9973, org.springframework.test.context.support.DirtiesContextBeforeModesTestExecutionListener@56113384, org.springframework.boot.test.mock.mockito.MockitoTestExecutionListener@5669c5fb, org.springframework.boot.test.autoconfigure.SpringBootDependencyInjectionTestExecutionListener@373ebf74, org.springframework.test.context.support.DirtiesContextTestExecutionListener@5f9678e1, org.springframework.test.context.transaction.TransactionalTestExecutionListener@c4ed84, org.springframework.test.context.jdbc.SqlScriptsTestExecutionListener@189aa67a, org.springframework.test.context.event.EventPublishingTestExecutionListener@5a9d6f02, org.springframework.boot.test.mock.mockito.ResetMocksTestExecutionListener@362045c0, org.springframework.boot.test.autoconfigure.restdocs.RestDocsTestExecutionListener@112f364d, org.springframework.boot.test.autoconfigure.web.client.MockRestServiceServerResetTestExecutionListener@5ccbeb64, org.springframework.boot.test.autoconfigure.web.servlet.MockMvcPrintOnlyOnFailureTestExecutionListener@6d9f7a80, org.springframework.boot.test.autoconfigure.web.servlet.WebDriverTestExecutionListener@59252cb6, org.springframework.boot.test.autoconfigure.webservices.client.MockWebServiceServerTestExecutionListener@31d0e481]
Wed 26-Jan-2022 11:35:35 INFO  - [init] Version                   : HV000001: Hibernate Validator 6.1.6.Final
Wed 26-Jan-2022 11:35:35 INFO  - [           main] TransactionManagementAppApplicationTests : Starting TransactionManagementAppApplicationTests using Java 1.8.0_221 on DESKTOP-2N2OQGT with PID 5004 (started by Uche Kamani in C:\Users\Uche Kamani\Documents\STS4Projects\transaction-management-app)
Wed 26-Jan-2022 11:35:35 INFO  - [           main] TransactionManagementAppApplicationTests : The following profiles are active: dev
Wed 26-Jan-2022 11:35:45 INFO  - [           main] RepositoryConfigurationDelegate : Bootstrapping Spring Data JPA repositories in DEFAULT mode.
Wed 26-Jan-2022 11:35:45 INFO  - [           main] RepositoryConfigurationDelegate : Finished Spring Data repository scanning in 618 ms. Found 1 JPA repository interfaces.
Wed 26-Jan-2022 11:35:48 INFO  - [           main] PostProcessorRegistrationDelegate$BeanPostProcessorChecker : Bean 'appProperties' of type [com.reloadly.devops.utilities.AppProperties$$EnhancerBySpringCGLIB$$dee10a6a] is not eligible for getting processed by all BeanPostProcessors (for example: not eligible for auto-proxying)
Wed 26-Jan-2022 11:35:48 INFO  - [           main] PostProcessorRegistrationDelegate$BeanPostProcessorChecker : Bean 'asyncConfig' of type [com.reloadly.devops.config.AsyncConfig$$EnhancerBySpringCGLIB$$d0eb2578] is not eligible for getting processed by all BeanPostProcessors (for example: not eligible for auto-proxying)
Wed 26-Jan-2022 11:35:49 INFO  - [           main] PostProcessorRegistrationDelegate$BeanPostProcessorChecker : Bean 'org.springframework.security.access.expression.method.DefaultMethodSecurityExpressionHandler@26c89563' of type [org.springframework.security.access.expression.method.DefaultMethodSecurityExpressionHandler] is not eligible for getting processed by all BeanPostProcessors (for example: not eligible for auto-proxying)
Wed 26-Jan-2022 11:35:49 INFO  - [           main] PostProcessorRegistrationDelegate$BeanPostProcessorChecker : Bean 'methodSecurityMetadataSource' of type [org.springframework.security.access.method.DelegatingMethodSecurityMetadataSource] is not eligible for getting processed by all BeanPostProcessors (for example: not eligible for auto-proxying)
Wed 26-Jan-2022 11:35:51 INFO  - [           main] EncryptUtil               : ---->>> Commencing data decryption
Wed 26-Jan-2022 11:35:51 INFO  - [           main] EncryptUtil               : ---->>> Commencing data decryption
Wed 26-Jan-2022 11:35:53 INFO  - [           main] LogHelper                 : HHH000204: Processing PersistenceUnitInfo [name: default]
Wed 26-Jan-2022 11:35:54 INFO  - [           main] Version                   : HHH000412: Hibernate ORM core version 5.4.25.Final
Wed 26-Jan-2022 11:35:55 INFO  - [           main] Version                   : HCANN000001: Hibernate Commons Annotations {5.1.2.Final}
Wed 26-Jan-2022 11:35:59 INFO  - [           main] HikariDataSource          : HikariPool-1 - Starting...
Wed 26-Jan-2022 11:35:59 WARN  - [           main] DriverDataSource          : Registered driver with driverClassName=com.mysql.jdbc.Driver was not found, trying direct instantiation.
Wed 26-Jan-2022 11:36:01 INFO  - [           main] HikariDataSource          : HikariPool-1 - Start completed.
Wed 26-Jan-2022 11:36:02 INFO  - [           main] Dialect                   : HHH000400: Using dialect: org.hibernate.dialect.MySQL5Dialect
Wed 26-Jan-2022 11:36:12 INFO  - [           main] JtaPlatformInitiator      : HHH000490: Using JtaPlatform implementation: [org.hibernate.engine.transaction.jta.platform.internal.NoJtaPlatform]
Wed 26-Jan-2022 11:36:12 INFO  - [           main] LocalContainerEntityManagerFactoryBean : Initialized JPA EntityManagerFactory for persistence unit 'default'
Wed 26-Jan-2022 11:36:13 INFO  - [           main] RestTemplateConfig        : ---->>> Setting up certificate link and  communication
Wed 26-Jan-2022 11:36:21 WARN  - [           main] JpaBaseConfiguration$JpaWebConfiguration : spring.jpa.open-in-view is enabled by default. Therefore, database queries may be performed during view rendering. Explicitly configure spring.jpa.open-in-view to disable this warning
Wed 26-Jan-2022 11:36:22 INFO  - [           main] UserDetailsServiceAutoConfiguration : 

Using generated security password: 91f04969-c0e4-4ab5-b849-8e9931602d84

Wed 26-Jan-2022 11:36:25 INFO  - [           main] DefaultSecurityFilterChain : Will secure any request with [org.springframework.security.web.context.request.async.WebAsyncManagerIntegrationFilter@3a751535, org.springframework.security.web.context.SecurityContextPersistenceFilter@1b69fc07, org.springframework.security.web.header.HeaderWriterFilter@6a04d2a4, org.springframework.security.web.authentication.logout.LogoutFilter@6785df10, org.springframework.security.oauth2.provider.authentication.OAuth2AuthenticationProcessingFilter@459e120b, org.springframework.security.web.savedrequest.RequestCacheAwareFilter@24de63b, org.springframework.security.web.servletapi.SecurityContextHolderAwareRequestFilter@3359c3f6, org.springframework.security.web.authentication.AnonymousAuthenticationFilter@7fb82f73, org.springframework.security.web.session.SessionManagementFilter@556aed22, org.springframework.security.web.access.ExceptionTranslationFilter@733fa95c, org.springframework.security.web.access.intercept.FilterSecurityInterceptor@14af73e1]
Wed 26-Jan-2022 11:36:31 INFO  - [           main] ThreadPoolTaskExecutor    : Initializing ExecutorService 'applicationTaskExecutor'
Wed 26-Jan-2022 11:36:48 INFO  - [           main] TransactionManagementAppApplicationTests : Started TransactionManagementAppApplicationTests in 74.659 seconds (JVM running for 84.719)
Wed 26-Jan-2022 11:36:51 INFO  - [Hook] ThreadPoolTaskExecutor    : Shutting down ExecutorService 'applicationTaskExecutor'
Wed 26-Jan-2022 11:36:51 INFO  - [Hook] LocalContainerEntityManagerFactoryBean : Closing JPA EntityManagerFactory for persistence unit 'default'
Wed 26-Jan-2022 11:36:51 INFO  - [Hook] HikariDataSource          : HikariPool-1 - Shutdown initiated...
Wed 26-Jan-2022 11:36:51 INFO  - [Hook] HikariDataSource          : HikariPool-1 - Shutdown completed.
Wed 26-Jan-2022 11:45:14 INFO  - [.0.1] SpringApplicationAdminMXBeanRegistrar$SpringApplicationAdmin : Application shutdown requested.
Wed 26-Jan-2022 11:45:15 INFO  - [.0.1] ThreadPoolTaskExecutor    : Shutting down ExecutorService 'applicationTaskExecutor'
Wed 26-Jan-2022 11:45:15 INFO  - [.0.1] LocalContainerEntityManagerFactoryBean : Closing JPA EntityManagerFactory for persistence unit 'default'
Wed 26-Jan-2022 11:45:15 INFO  - [.0.1] HikariDataSource          : HikariPool-2 - Shutdown initiated...
Wed 26-Jan-2022 11:45:16 INFO  - [.0.1] HikariDataSource          : HikariPool-2 - Shutdown completed.
